<?xml version="1.0" encoding="UTF-8"?>
<testng-results total="2" passed="2" failed="0" skipped="0">
  <reporter-output>
  </reporter-output>
  <suite started-at="2019-02-10T21:11:36Z" name="Default suite" finished-at="2019-02-10T21:11:36Z" duration-ms="47">
    <groups>
    </groups>
    <test started-at="2019-02-10T21:11:36Z" name="Default test" finished-at="2019-02-10T21:11:36Z" duration-ms="47">
      <class name="abc.Annitatios">
        <test-method is-config="true" signature="beforetest()[pri:0, instance:abc.Annitatios@672872e1]" started-at="2019-02-11T02:41:36Z" name="beforetest" finished-at="2019-02-11T02:41:36Z" duration-ms="12" status="PASS">
          <reporter-output>
          </reporter-output>
        </test-method> <!-- beforetest -->
        <test-method signature="test()[pri:0, instance:abc.Annitatios@672872e1]" started-at="2019-02-11T02:41:36Z" name="test" finished-at="2019-02-11T02:41:36Z" duration-ms="8" status="PASS">
          <reporter-output>
          </reporter-output>
        </test-method> <!-- test -->
        <test-method is-config="true" signature="beforemethod()[pri:0, instance:abc.Annitatios@672872e1]" started-at="2019-02-11T02:41:36Z" name="beforemethod" finished-at="2019-02-11T02:41:36Z" duration-ms="0" status="PASS">
          <reporter-output>
          </reporter-output>
        </test-method> <!-- beforemethod -->
        <test-method is-config="true" signature="aftermethod()[pri:0, instance:abc.Annitatios@672872e1]" started-at="2019-02-11T02:41:36Z" name="aftermethod" finished-at="2019-02-11T02:41:36Z" duration-ms="1" status="PASS">
          <reporter-output>
          </reporter-output>
        </test-method> <!-- aftermethod -->
        <test-method is-config="true" signature="beforemethod()[pri:0, instance:abc.Annitatios@672872e1]" started-at="2019-02-11T02:41:36Z" name="beforemethod" finished-at="2019-02-11T02:41:36Z" duration-ms="1" status="PASS">
          <reporter-output>
          </reporter-output>
        </test-method> <!-- beforemethod -->
        <test-method signature="test1()[pri:0, instance:abc.Annitatios@672872e1]" started-at="2019-02-11T02:41:36Z" name="test1" finished-at="2019-02-11T02:41:36Z" duration-ms="2" status="PASS">
          <reporter-output>
          </reporter-output>
        </test-method> <!-- test1 -->
        <test-method is-config="true" signature="aftermethod()[pri:0, instance:abc.Annitatios@672872e1]" started-at="2019-02-11T02:41:36Z" name="aftermethod" finished-at="2019-02-11T02:41:36Z" duration-ms="0" status="PASS">
          <reporter-output>
          </reporter-output>
        </test-method> <!-- aftermethod -->
        <test-method is-config="true" signature="aftertest()[pri:0, instance:abc.Annitatios@672872e1]" started-at="2019-02-11T02:41:36Z" name="aftertest" finished-at="2019-02-11T02:41:36Z" duration-ms="1" status="PASS">
          <reporter-output>
          </reporter-output>
        </test-method> <!-- aftertest -->
      </class> <!-- abc.Annitatios -->
    </test> <!-- Default test -->
  </suite> <!-- Default suite -->
</testng-results>
